<?xml version="1.0" encoding="UTF-8"?>
<!-- Generated by org.testng.reporters.JUnitXMLReporter -->
<testsuite ignored="0" hostname="DESKTOP-6VBFHVH" failures="0" tests="4" name="Default test" time="44.999" errors="0" timestamp="2021-03-25T20:40:10 BDT">
  <testcase classname="com.TestNG.LoginDataDriven" name="LoginTest" time="9.761"/>
  <testcase classname="com.TestNG.LoginDataDriven" name="LoginTest" time="9.468"/>
  <testcase classname="com.TestNG.LoginDataDriven" name="LoginTest" time="9.049"/>
  <testcase classname="com.TestNG.LoginDataDriven" name="LoginTest" time="9.011"/>
</testsuite> <!-- Default test -->
