<?xml version="1.0" encoding="UTF-8"?>
<!-- Generated by org.testng.reporters.JUnitXMLReporter -->
<testsuite ignored="0" hostname="DESKTOP-6VBFHVH" failures="0" tests="3" name="Demo Test 2" time="0.018" errors="0" timestamp="2021-03-23T20:16:57 BDT">
  <testcase classname="com.TestNG.TestNgDemo2" name="Demo4" time="0.001"/>
  <testcase classname="com.TestNG.TestNgDemo2" name="demo5" time="0.003"/>
  <testcase classname="com.TestNG.TestNgDemo2" name="demo6" time="0.003"/>
</testsuite> <!-- Demo Test 2 -->
