<?xml version="1.0" encoding="UTF-8"?>
<!-- Generated by org.testng.reporters.JUnitXMLReporter -->
<testsuite ignored="0" hostname="DESKTOP-6VBFHVH" failures="0" tests="4" name="Demo Test" time="39.481" errors="0" timestamp="2021-03-25T20:48:33 BDT">
  <testcase classname="com.TestNG.LoginDataDriven" name="LoginTest" time="9.604"/>
  <testcase classname="com.TestNG.LoginDataDriven" name="LoginTest" time="8.888"/>
  <testcase classname="com.TestNG.LoginDataDriven" name="LoginTest" time="8.841"/>
  <testcase classname="com.TestNG.LoginDataDriven" name="LoginTest" time="8.88"/>
</testsuite> <!-- Demo Test -->
