<?xml version="1.0" encoding="UTF-8"?>
<testng-results ignored="0" total="4" passed="4" failed="0" skipped="0">
  <reporter-output>
  </reporter-output>
  <suite started-at="2021-03-25T20:47:54 BDT" name="Automation Suite" finished-at="2021-03-25T20:48:33 BDT" duration-ms="39481">
    <groups>
    </groups>
    <test started-at="2021-03-25T20:47:54 BDT" name="Demo Test" finished-at="2021-03-25T20:48:33 BDT" duration-ms="39481">
      <class name="com.TestNG.LoginDataDriven">
        <test-method is-config="true" signature="config()[pri:0, instance:com.TestNG.LoginDataDriven@2fd1433e]" started-at="2021-03-25T20:47:54 BDT" name="config" finished-at="2021-03-25T20:47:57 BDT" duration-ms="3000" status="PASS">
          <reporter-output>
          </reporter-output>
        </test-method> <!-- config -->
        <test-method signature="LoginTest(java.lang.String,java.lang.String)[pri:0, instance:com.TestNG.LoginDataDriven@2fd1433e]" started-at="2021-03-25T20:47:57 BDT" name="LoginTest" data-provider="TestData" finished-at="2021-03-25T20:48:07 BDT" duration-ms="9604" status="PASS">
          <params>
            <param index="0">
              <value>
                <![CDATA[email1@invalid.com]]>
              </value>
            </param>
            <param index="1">
              <value>
                <![CDATA[123456]]>
              </value>
            </param>
          </params>
          <reporter-output>
          </reporter-output>
        </test-method> <!-- LoginTest -->
        <test-method signature="LoginTest(java.lang.String,java.lang.String)[pri:0, instance:com.TestNG.LoginDataDriven@2fd1433e]" started-at="2021-03-25T20:48:07 BDT" name="LoginTest" data-provider="TestData" finished-at="2021-03-25T20:48:15 BDT" duration-ms="8888" status="PASS">
          <params>
            <param index="0">
              <value>
                <![CDATA[email2@invalid.com]]>
              </value>
            </param>
            <param index="1">
              <value>
                <![CDATA[123456]]>
              </value>
            </param>
          </params>
          <reporter-output>
          </reporter-output>
        </test-method> <!-- LoginTest -->
        <test-method signature="LoginTest(java.lang.String,java.lang.String)[pri:0, instance:com.TestNG.LoginDataDriven@2fd1433e]" started-at="2021-03-25T20:48:15 BDT" name="LoginTest" data-provider="TestData" finished-at="2021-03-25T20:48:24 BDT" duration-ms="8841" status="PASS">
          <params>
            <param index="0">
              <value>
                <![CDATA[email3@invalid.com]]>
              </value>
            </param>
            <param index="1">
              <value>
                <![CDATA[123456]]>
              </value>
            </param>
          </params>
          <reporter-output>
          </reporter-output>
        </test-method> <!-- LoginTest -->
        <test-method signature="LoginTest(java.lang.String,java.lang.String)[pri:0, instance:com.TestNG.LoginDataDriven@2fd1433e]" started-at="2021-03-25T20:48:24 BDT" name="LoginTest" data-provider="TestData" finished-at="2021-03-25T20:48:33 BDT" duration-ms="8880" status="PASS">
          <params>
            <param index="0">
              <value>
                <![CDATA[email@mail.com]]>
              </value>
            </param>
            <param index="1">
              <value>
                <![CDATA[12345678]]>
              </value>
            </param>
          </params>
          <reporter-output>
          </reporter-output>
        </test-method> <!-- LoginTest -->
        <test-method is-config="true" signature="closeTest()[pri:0, instance:com.TestNG.LoginDataDriven@2fd1433e]" started-at="2021-03-25T20:48:33 BDT" name="closeTest" finished-at="2021-03-25T20:48:33 BDT" duration-ms="206" status="PASS">
          <reporter-output>
          </reporter-output>
        </test-method> <!-- closeTest -->
      </class> <!-- com.TestNG.LoginDataDriven -->
    </test> <!-- Demo Test -->
  </suite> <!-- Automation Suite -->
</testng-results>
