<?xml version="1.0" encoding="UTF-8"?>
<testng-results ignored="0" total="2" passed="2" failed="0" skipped="0">
  <reporter-output>
  </reporter-output>
  <suite started-at="2021-03-23T20:45:58 BDT" name="Automation Suite" finished-at="2021-03-23T20:47:06 BDT" duration-ms="68027">
    <groups>
    </groups>
    <test started-at="2021-03-23T20:45:58 BDT" name="Demo Test" finished-at="2021-03-23T20:47:06 BDT" duration-ms="68027">
      <class name="com.TestNG.RegistrationTestNG">
        <test-method is-config="true" signature="config()[pri:0, instance:com.TestNG.RegistrationTestNG@66498326]" started-at="2021-03-23T20:45:58 BDT" name="config" finished-at="2021-03-23T20:46:04 BDT" duration-ms="5982" status="PASS">
          <reporter-output>
          </reporter-output>
        </test-method> <!-- config -->
        <test-method signature="inValid_Registration()[pri:0, instance:com.TestNG.RegistrationTestNG@66498326]" started-at="2021-03-23T20:46:04 BDT" name="inValid_Registration" description="Invalid Registration" finished-at="2021-03-23T20:46:34 BDT" duration-ms="30615" status="PASS">
          <reporter-output>
          </reporter-output>
        </test-method> <!-- inValid_Registration -->
        <test-method signature="valid_Registration()[pri:0, instance:com.TestNG.RegistrationTestNG@66498326]" started-at="2021-03-23T20:46:35 BDT" name="valid_Registration" description="Valid Registration" finished-at="2021-03-23T20:47:06 BDT" duration-ms="31251" status="PASS">
          <reporter-output>
          </reporter-output>
        </test-method> <!-- valid_Registration -->
        <test-method is-config="true" signature="closeTest()[pri:0, instance:com.TestNG.RegistrationTestNG@66498326]" started-at="2021-03-23T20:47:06 BDT" name="closeTest" finished-at="2021-03-23T20:47:06 BDT" duration-ms="131" status="PASS">
          <reporter-output>
          </reporter-output>
        </test-method> <!-- closeTest -->
      </class> <!-- com.TestNG.RegistrationTestNG -->
    </test> <!-- Demo Test -->
  </suite> <!-- Automation Suite -->
</testng-results>
